20:56:45.168 INFO  tests.TestBase ******* Start test public void tests.LoginTests.loginPositiveTest()
20:56:45.172 INFO  manage.MyListener Start searching element by By.xpath: //a[@href='/login']
20:56:45.189 INFO  manage.MyListener The element with locator by By.xpath: //a[@href='/login'] is found successfully
20:56:45.248 INFO  manage.MyListener Start searching element by By.xpath: //input[@name='emai']
20:56:55.313 INFO  manage.MyListener Something went wrong!
20:56:55.314 INFO  manage.MyListener no such element: Unable to locate element: {"method":"xpath","selector":"//input[@name='emai']"}
  (Session info: chrome=119.0.6045.124)
For documentation on this error, please visit: https://www.seleniumhq.org/exceptions/no_such_element.html
Build info: version: '3.141.59', revision: 'e82be7d358', time: '2018-11-14T08:17:03'
System info: host: 'DESKTOP-MMEUCUR', ip: '192.168.0.106', os.name: 'Windows 10', os.arch: 'amd64', os.version: '10.0', java.version: '1.8.0_301'
Driver info: org.openqa.selenium.chrome.ChromeDriver
Capabilities {acceptInsecureCerts: false, browserName: chrome, browserVersion: 119.0.6045.124, chrome: {chromedriverVersion: 119.0.6045.105 (38c72552c5e..., userDataDir: C:\Users\Renata\AppData\Loc...}, fedcm:accounts: true, goog:chromeOptions: {debuggerAddress: localhost:53391}, javascriptEnabled: true, networkConnectionEnabled: false, pageLoadStrategy: normal, platform: WINDOWS, platformName: WINDOWS, proxy: Proxy(), setWindowRect: true, strictFileInteractability: false, timeouts: {implicit: 0, pageLoad: 300000, script: 30000}, unhandledPromptBehavior: dismiss and notify, webauthn:extension:credBlob: true, webauthn:extension:largeBlob: true, webauthn:extension:minPinLength: true, webauthn:extension:prf: true, webauthn:virtualAuthenticators: true}
Session ID: 9fb97c081b5536f866b50d47fbaba4f4
*** Element info: {Using=xpath, value=//input[@name='emai']}
20:56:55.354 INFO  manage.MyListener no such element: Unable to locate element: {"method":"xpath","selector":"//input[@name='emai']"}
  (Session info: chrome=119.0.6045.124)
For documentation on this error, please visit: https://www.seleniumhq.org/exceptions/no_such_element.html
Build info: version: '3.141.59', revision: 'e82be7d358', time: '2018-11-14T08:17:03'
System info: host: 'DESKTOP-MMEUCUR', ip: '192.168.0.106', os.name: 'Windows 10', os.arch: 'amd64', os.version: '10.0', java.version: '1.8.0_301'
Driver info: org.openqa.selenium.chrome.ChromeDriver
Capabilities {acceptInsecureCerts: false, browserName: chrome, browserVersion: 119.0.6045.124, chrome: {chromedriverVersion: 119.0.6045.105 (38c72552c5e..., userDataDir: C:\Users\Renata\AppData\Loc...}, fedcm:accounts: true, goog:chromeOptions: {debuggerAddress: localhost:53391}, javascriptEnabled: true, networkConnectionEnabled: false, pageLoadStrategy: normal, platform: WINDOWS, platformName: WINDOWS, proxy: Proxy(), setWindowRect: true, strictFileInteractability: false, timeouts: {implicit: 0, pageLoad: 300000, script: 30000}, unhandledPromptBehavior: dismiss and notify, webauthn:extension:credBlob: true, webauthn:extension:largeBlob: true, webauthn:extension:minPinLength: true, webauthn:extension:prf: true, webauthn:virtualAuthenticators: true}
Session ID: 9fb97c081b5536f866b50d47fbaba4f4
*** Element info: {Using=xpath, value=//input[@name='emai']}
20:56:55.726 INFO  manage.MyListener Here is the link to screenshot with error: src/test/screenshots/screenshot-3415.png
20:56:55.730 INFO  tests.TestBase ******* Finish test 
